[2022-06-27 06:05:36] local.ERROR: Database connection [emtp] not configured. {"exception":"[object] (InvalidArgumentException(code: 0): Database connection [emtp] not configured. at C:\\Users\\LKW\\Documents\\GitHub\\development_project_2\\EMTP\\vendor\\laravel\\framework\\src\\Illuminate\\Database\\DatabaseManager.php:161)
[stacktrace]
#0 C:\\Users\\LKW\\Documents\\GitHub\\development_project_2\\EMTP\\vendor\\laravel\\framework\\src\\Illuminate\\Database\\DatabaseManager.php(124): Illuminate\\Database\\DatabaseManager->configuration('emtp')
#1 C:\\Users\\LKW\\Documents\\GitHub\\development_project_2\\EMTP\\vendor\\laravel\\framework\\src\\Illuminate\\Database\\DatabaseManager.php(95): Illuminate\\Database\\DatabaseManager->makeConnection('emtp')
#2 C:\\Users\\LKW\\Documents\\GitHub\\development_project_2\\EMTP\\vendor\\laravel\\framework\\src\\Illuminate\\Support\\Facades\\Schema.php(49): Illuminate\\Database\\DatabaseManager->connection()
#3 C:\\Users\\LKW\\Documents\\GitHub\\development_project_2\\EMTP\\vendor\\laravel\\framework\\src\\Illuminate\\Support\\Facades\\Facade.php(166): Illuminate\\Support\\Facades\\Schema::getFacadeAccessor()
#4 C:\\Users\\LKW\\Documents\\GitHub\\development_project_2\\EMTP\\vendor\\laravel\\framework\\src\\Illuminate\\Support\\Facades\\Facade.php(255): Illuminate\\Support\\Facades\\Facade::getFacadeRoot()
#5 C:\\Users\\LKW\\Documents\\GitHub\\development_project_2\\EMTP\\app\\Providers\\AppServiceProvider.php(28): Illuminate\\Support\\Facades\\Facade::__callStatic('defaultstringLe...', Array)
#6 C:\\Users\\LKW\\Documents\\GitHub\\development_project_2\\EMTP\\vendor\\laravel\\framework\\src\\Illuminate\\Container\\BoundMethod.php(36): App\\Providers\\AppServiceProvider->boot()
#7 C:\\Users\\LKW\\Documents\\GitHub\\development_project_2\\EMTP\\vendor\\laravel\\framework\\src\\Illuminate\\Container\\Util.php(40): Illuminate\\Container\\BoundMethod::Illuminate\\Container\\{closure}()
#8 C:\\Users\\LKW\\Documents\\GitHub\\development_project_2\\EMTP\\vendor\\laravel\\framework\\src\\Illuminate\\Container\\BoundMethod.php(93): Illuminate\\Container\\Util::unwrapIfClosure(Object(Closure))
#9 C:\\Users\\LKW\\Documents\\GitHub\\development_project_2\\EMTP\\vendor\\laravel\\framework\\src\\Illuminate\\Container\\BoundMethod.php(37): Illuminate\\Container\\BoundMethod::callBoundMethod(Object(Illuminate\\Foundation\\Application), Array, Object(Closure))
#10 C:\\Users\\LKW\\Documents\\GitHub\\development_project_2\\EMTP\\vendor\\laravel\\framework\\src\\Illuminate\\Container\\Container.php(653): Illuminate\\Container\\BoundMethod::call(Object(Illuminate\\Foundation\\Application), Array, Array, NULL)
#11 C:\\Users\\LKW\\Documents\\GitHub\\development_project_2\\EMTP\\vendor\\laravel\\framework\\src\\Illuminate\\Foundation\\Application.php(924): Illuminate\\Container\\Container->call(Array)
#12 C:\\Users\\LKW\\Documents\\GitHub\\development_project_2\\EMTP\\vendor\\laravel\\framework\\src\\Illuminate\\Foundation\\Application.php(905): Illuminate\\Foundation\\Application->bootProvider(Object(App\\Providers\\AppServiceProvider))
#13 [internal function]: Illuminate\\Foundation\\Application->Illuminate\\Foundation\\{closure}(Object(App\\Providers\\AppServiceProvider), 29)
#14 C:\\Users\\LKW\\Documents\\GitHub\\development_project_2\\EMTP\\vendor\\laravel\\framework\\src\\Illuminate\\Foundation\\Application.php(906): array_walk(Array, Object(Closure))
#15 C:\\Users\\LKW\\Documents\\GitHub\\development_project_2\\EMTP\\vendor\\laravel\\framework\\src\\Illuminate\\Foundation\\Bootstrap\\BootProviders.php(17): Illuminate\\Foundation\\Application->boot()
#16 C:\\Users\\LKW\\Documents\\GitHub\\development_project_2\\EMTP\\vendor\\laravel\\framework\\src\\Illuminate\\Foundation\\Application.php(237): Illuminate\\Foundation\\Bootstrap\\BootProviders->bootstrap(Object(Illuminate\\Foundation\\Application))
#17 C:\\Users\\LKW\\Documents\\GitHub\\development_project_2\\EMTP\\vendor\\laravel\\framework\\src\\Illuminate\\Foundation\\Console\\Kernel.php(310): Illuminate\\Foundation\\Application->bootstrapWith(Array)
#18 C:\\Users\\LKW\\Documents\\GitHub\\development_project_2\\EMTP\\vendor\\laravel\\framework\\src\\Illuminate\\Foundation\\Console\\Kernel.php(127): Illuminate\\Foundation\\Console\\Kernel->bootstrap()
#19 C:\\Users\\LKW\\Documents\\GitHub\\development_project_2\\EMTP\\artisan(37): Illuminate\\Foundation\\Console\\Kernel->handle(Object(Symfony\\Component\\Console\\Input\\ArgvInput), Object(Symfony\\Component\\Console\\Output\\ConsoleOutput))
#20 {main}
"} 
[2022-06-27 06:05:49] local.ERROR: Database connection [emtp] not configured. {"exception":"[object] (InvalidArgumentException(code: 0): Database connection [emtp] not configured. at C:\\Users\\LKW\\Documents\\GitHub\\development_project_2\\EMTP\\vendor\\laravel\\framework\\src\\Illuminate\\Database\\DatabaseManager.php:161)
[stacktrace]
#0 C:\\Users\\LKW\\Documents\\GitHub\\development_project_2\\EMTP\\vendor\\laravel\\framework\\src\\Illuminate\\Database\\DatabaseManager.php(124): Illuminate\\Database\\DatabaseManager->configuration('emtp')
#1 C:\\Users\\LKW\\Documents\\GitHub\\development_project_2\\EMTP\\vendor\\laravel\\framework\\src\\Illuminate\\Database\\DatabaseManager.php(95): Illuminate\\Database\\DatabaseManager->makeConnection('emtp')
#2 C:\\Users\\LKW\\Documents\\GitHub\\development_project_2\\EMTP\\vendor\\laravel\\framework\\src\\Illuminate\\Support\\Facades\\Schema.php(49): Illuminate\\Database\\DatabaseManager->connection()
#3 C:\\Users\\LKW\\Documents\\GitHub\\development_project_2\\EMTP\\vendor\\laravel\\framework\\src\\Illuminate\\Support\\Facades\\Facade.php(166): Illuminate\\Support\\Facades\\Schema::getFacadeAccessor()
#4 C:\\Users\\LKW\\Documents\\GitHub\\development_project_2\\EMTP\\vendor\\laravel\\framework\\src\\Illuminate\\Support\\Facades\\Facade.php(255): Illuminate\\Support\\Facades\\Facade::getFacadeRoot()
#5 C:\\Users\\LKW\\Documents\\GitHub\\development_project_2\\EMTP\\app\\Providers\\AppServiceProvider.php(28): Illuminate\\Support\\Facades\\Facade::__callStatic('defaultstringLe...', Array)
#6 C:\\Users\\LKW\\Documents\\GitHub\\development_project_2\\EMTP\\vendor\\laravel\\framework\\src\\Illuminate\\Container\\BoundMethod.php(36): App\\Providers\\AppServiceProvider->boot()
#7 C:\\Users\\LKW\\Documents\\GitHub\\development_project_2\\EMTP\\vendor\\laravel\\framework\\src\\Illuminate\\Container\\Util.php(40): Illuminate\\Container\\BoundMethod::Illuminate\\Container\\{closure}()
#8 C:\\Users\\LKW\\Documents\\GitHub\\development_project_2\\EMTP\\vendor\\laravel\\framework\\src\\Illuminate\\Container\\BoundMethod.php(93): Illuminate\\Container\\Util::unwrapIfClosure(Object(Closure))
#9 C:\\Users\\LKW\\Documents\\GitHub\\development_project_2\\EMTP\\vendor\\laravel\\framework\\src\\Illuminate\\Container\\BoundMethod.php(37): Illuminate\\Container\\BoundMethod::callBoundMethod(Object(Illuminate\\Foundation\\Application), Array, Object(Closure))
#10 C:\\Users\\LKW\\Documents\\GitHub\\development_project_2\\EMTP\\vendor\\laravel\\framework\\src\\Illuminate\\Container\\Container.php(653): Illuminate\\Container\\BoundMethod::call(Object(Illuminate\\Foundation\\Application), Array, Array, NULL)
#11 C:\\Users\\LKW\\Documents\\GitHub\\development_project_2\\EMTP\\vendor\\laravel\\framework\\src\\Illuminate\\Foundation\\Application.php(924): Illuminate\\Container\\Container->call(Array)
#12 C:\\Users\\LKW\\Documents\\GitHub\\development_project_2\\EMTP\\vendor\\laravel\\framework\\src\\Illuminate\\Foundation\\Application.php(905): Illuminate\\Foundation\\Application->bootProvider(Object(App\\Providers\\AppServiceProvider))
#13 [internal function]: Illuminate\\Foundation\\Application->Illuminate\\Foundation\\{closure}(Object(App\\Providers\\AppServiceProvider), 29)
#14 C:\\Users\\LKW\\Documents\\GitHub\\development_project_2\\EMTP\\vendor\\laravel\\framework\\src\\Illuminate\\Foundation\\Application.php(906): array_walk(Array, Object(Closure))
#15 C:\\Users\\LKW\\Documents\\GitHub\\development_project_2\\EMTP\\vendor\\laravel\\framework\\src\\Illuminate\\Foundation\\Bootstrap\\BootProviders.php(17): Illuminate\\Foundation\\Application->boot()
#16 C:\\Users\\LKW\\Documents\\GitHub\\development_project_2\\EMTP\\vendor\\laravel\\framework\\src\\Illuminate\\Foundation\\Application.php(237): Illuminate\\Foundation\\Bootstrap\\BootProviders->bootstrap(Object(Illuminate\\Foundation\\Application))
#17 C:\\Users\\LKW\\Documents\\GitHub\\development_project_2\\EMTP\\vendor\\laravel\\framework\\src\\Illuminate\\Foundation\\Console\\Kernel.php(310): Illuminate\\Foundation\\Application->bootstrapWith(Array)
#18 C:\\Users\\LKW\\Documents\\GitHub\\development_project_2\\EMTP\\vendor\\laravel\\framework\\src\\Illuminate\\Foundation\\Console\\Kernel.php(127): Illuminate\\Foundation\\Console\\Kernel->bootstrap()
#19 C:\\Users\\LKW\\Documents\\GitHub\\development_project_2\\EMTP\\artisan(37): Illuminate\\Foundation\\Console\\Kernel->handle(Object(Symfony\\Component\\Console\\Input\\ArgvInput), Object(Symfony\\Component\\Console\\Output\\ConsoleOutput))
#20 {main}
"} 
[2022-06-27 06:06:15] local.ERROR: Database connection [emtp] not configured. {"exception":"[object] (InvalidArgumentException(code: 0): Database connection [emtp] not configured. at C:\\Users\\LKW\\Documents\\GitHub\\development_project_2\\EMTP\\vendor\\laravel\\framework\\src\\Illuminate\\Database\\DatabaseManager.php:161)
[stacktrace]
#0 C:\\Users\\LKW\\Documents\\GitHub\\development_project_2\\EMTP\\vendor\\laravel\\framework\\src\\Illuminate\\Database\\DatabaseManager.php(124): Illuminate\\Database\\DatabaseManager->configuration('emtp')
#1 C:\\Users\\LKW\\Documents\\GitHub\\development_project_2\\EMTP\\vendor\\laravel\\framework\\src\\Illuminate\\Database\\DatabaseManager.php(95): Illuminate\\Database\\DatabaseManager->makeConnection('emtp')
#2 C:\\Users\\LKW\\Documents\\GitHub\\development_project_2\\EMTP\\vendor\\laravel\\framework\\src\\Illuminate\\Support\\Facades\\Schema.php(49): Illuminate\\Database\\DatabaseManager->connection()
#3 C:\\Users\\LKW\\Documents\\GitHub\\development_project_2\\EMTP\\vendor\\laravel\\framework\\src\\Illuminate\\Support\\Facades\\Facade.php(166): Illuminate\\Support\\Facades\\Schema::getFacadeAccessor()
#4 C:\\Users\\LKW\\Documents\\GitHub\\development_project_2\\EMTP\\vendor\\laravel\\framework\\src\\Illuminate\\Support\\Facades\\Facade.php(255): Illuminate\\Support\\Facades\\Facade::getFacadeRoot()
#5 C:\\Users\\LKW\\Documents\\GitHub\\development_project_2\\EMTP\\app\\Providers\\AppServiceProvider.php(28): Illuminate\\Support\\Facades\\Facade::__callStatic('defaultstringLe...', Array)
#6 C:\\Users\\LKW\\Documents\\GitHub\\development_project_2\\EMTP\\vendor\\laravel\\framework\\src\\Illuminate\\Container\\BoundMethod.php(36): App\\Providers\\AppServiceProvider->boot()
#7 C:\\Users\\LKW\\Documents\\GitHub\\development_project_2\\EMTP\\vendor\\laravel\\framework\\src\\Illuminate\\Container\\Util.php(40): Illuminate\\Container\\BoundMethod::Illuminate\\Container\\{closure}()
#8 C:\\Users\\LKW\\Documents\\GitHub\\development_project_2\\EMTP\\vendor\\laravel\\framework\\src\\Illuminate\\Container\\BoundMethod.php(93): Illuminate\\Container\\Util::unwrapIfClosure(Object(Closure))
#9 C:\\Users\\LKW\\Documents\\GitHub\\development_project_2\\EMTP\\vendor\\laravel\\framework\\src\\Illuminate\\Container\\BoundMethod.php(37): Illuminate\\Container\\BoundMethod::callBoundMethod(Object(Illuminate\\Foundation\\Application), Array, Object(Closure))
#10 C:\\Users\\LKW\\Documents\\GitHub\\development_project_2\\EMTP\\vendor\\laravel\\framework\\src\\Illuminate\\Container\\Container.php(653): Illuminate\\Container\\BoundMethod::call(Object(Illuminate\\Foundation\\Application), Array, Array, NULL)
#11 C:\\Users\\LKW\\Documents\\GitHub\\development_project_2\\EMTP\\vendor\\laravel\\framework\\src\\Illuminate\\Foundation\\Application.php(924): Illuminate\\Container\\Container->call(Array)
#12 C:\\Users\\LKW\\Documents\\GitHub\\development_project_2\\EMTP\\vendor\\laravel\\framework\\src\\Illuminate\\Foundation\\Application.php(905): Illuminate\\Foundation\\Application->bootProvider(Object(App\\Providers\\AppServiceProvider))
#13 [internal function]: Illuminate\\Foundation\\Application->Illuminate\\Foundation\\{closure}(Object(App\\Providers\\AppServiceProvider), 29)
#14 C:\\Users\\LKW\\Documents\\GitHub\\development_project_2\\EMTP\\vendor\\laravel\\framework\\src\\Illuminate\\Foundation\\Application.php(906): array_walk(Array, Object(Closure))
#15 C:\\Users\\LKW\\Documents\\GitHub\\development_project_2\\EMTP\\vendor\\laravel\\framework\\src\\Illuminate\\Foundation\\Bootstrap\\BootProviders.php(17): Illuminate\\Foundation\\Application->boot()
#16 C:\\Users\\LKW\\Documents\\GitHub\\development_project_2\\EMTP\\vendor\\laravel\\framework\\src\\Illuminate\\Foundation\\Application.php(237): Illuminate\\Foundation\\Bootstrap\\BootProviders->bootstrap(Object(Illuminate\\Foundation\\Application))
#17 C:\\Users\\LKW\\Documents\\GitHub\\development_project_2\\EMTP\\vendor\\laravel\\framework\\src\\Illuminate\\Foundation\\Console\\Kernel.php(310): Illuminate\\Foundation\\Application->bootstrapWith(Array)
#18 C:\\Users\\LKW\\Documents\\GitHub\\development_project_2\\EMTP\\vendor\\laravel\\framework\\src\\Illuminate\\Foundation\\Console\\Kernel.php(127): Illuminate\\Foundation\\Console\\Kernel->bootstrap()
#19 C:\\Users\\LKW\\Documents\\GitHub\\development_project_2\\EMTP\\artisan(37): Illuminate\\Foundation\\Console\\Kernel->handle(Object(Symfony\\Component\\Console\\Input\\ArgvInput), Object(Symfony\\Component\\Console\\Output\\ConsoleOutput))
#20 {main}
"} 
[2022-06-27 06:06:23] local.ERROR: Database connection [emtp] not configured. {"exception":"[object] (InvalidArgumentException(code: 0): Database connection [emtp] not configured. at C:\\Users\\LKW\\Documents\\GitHub\\development_project_2\\EMTP\\vendor\\laravel\\framework\\src\\Illuminate\\Database\\DatabaseManager.php:161)
[stacktrace]
#0 C:\\Users\\LKW\\Documents\\GitHub\\development_project_2\\EMTP\\vendor\\laravel\\framework\\src\\Illuminate\\Database\\DatabaseManager.php(124): Illuminate\\Database\\DatabaseManager->configuration('emtp')
#1 C:\\Users\\LKW\\Documents\\GitHub\\development_project_2\\EMTP\\vendor\\laravel\\framework\\src\\Illuminate\\Database\\DatabaseManager.php(95): Illuminate\\Database\\DatabaseManager->makeConnection('emtp')
#2 C:\\Users\\LKW\\Documents\\GitHub\\development_project_2\\EMTP\\vendor\\laravel\\framework\\src\\Illuminate\\Support\\Facades\\Schema.php(49): Illuminate\\Database\\DatabaseManager->connection()
#3 C:\\Users\\LKW\\Documents\\GitHub\\development_project_2\\EMTP\\vendor\\laravel\\framework\\src\\Illuminate\\Support\\Facades\\Facade.php(166): Illuminate\\Support\\Facades\\Schema::getFacadeAccessor()
#4 C:\\Users\\LKW\\Documents\\GitHub\\development_project_2\\EMTP\\vendor\\laravel\\framework\\src\\Illuminate\\Support\\Facades\\Facade.php(255): Illuminate\\Support\\Facades\\Facade::getFacadeRoot()
#5 C:\\Users\\LKW\\Documents\\GitHub\\development_project_2\\EMTP\\app\\Providers\\AppServiceProvider.php(28): Illuminate\\Support\\Facades\\Facade::__callStatic('defaultstringLe...', Array)
#6 C:\\Users\\LKW\\Documents\\GitHub\\development_project_2\\EMTP\\vendor\\laravel\\framework\\src\\Illuminate\\Container\\BoundMethod.php(36): App\\Providers\\AppServiceProvider->boot()
#7 C:\\Users\\LKW\\Documents\\GitHub\\development_project_2\\EMTP\\vendor\\laravel\\framework\\src\\Illuminate\\Container\\Util.php(40): Illuminate\\Container\\BoundMethod::Illuminate\\Container\\{closure}()
#8 C:\\Users\\LKW\\Documents\\GitHub\\development_project_2\\EMTP\\vendor\\laravel\\framework\\src\\Illuminate\\Container\\BoundMethod.php(93): Illuminate\\Container\\Util::unwrapIfClosure(Object(Closure))
#9 C:\\Users\\LKW\\Documents\\GitHub\\development_project_2\\EMTP\\vendor\\laravel\\framework\\src\\Illuminate\\Container\\BoundMethod.php(37): Illuminate\\Container\\BoundMethod::callBoundMethod(Object(Illuminate\\Foundation\\Application), Array, Object(Closure))
#10 C:\\Users\\LKW\\Documents\\GitHub\\development_project_2\\EMTP\\vendor\\laravel\\framework\\src\\Illuminate\\Container\\Container.php(653): Illuminate\\Container\\BoundMethod::call(Object(Illuminate\\Foundation\\Application), Array, Array, NULL)
#11 C:\\Users\\LKW\\Documents\\GitHub\\development_project_2\\EMTP\\vendor\\laravel\\framework\\src\\Illuminate\\Foundation\\Application.php(924): Illuminate\\Container\\Container->call(Array)
#12 C:\\Users\\LKW\\Documents\\GitHub\\development_project_2\\EMTP\\vendor\\laravel\\framework\\src\\Illuminate\\Foundation\\Application.php(905): Illuminate\\Foundation\\Application->bootProvider(Object(App\\Providers\\AppServiceProvider))
#13 [internal function]: Illuminate\\Foundation\\Application->Illuminate\\Foundation\\{closure}(Object(App\\Providers\\AppServiceProvider), 29)
#14 C:\\Users\\LKW\\Documents\\GitHub\\development_project_2\\EMTP\\vendor\\laravel\\framework\\src\\Illuminate\\Foundation\\Application.php(906): array_walk(Array, Object(Closure))
#15 C:\\Users\\LKW\\Documents\\GitHub\\development_project_2\\EMTP\\vendor\\laravel\\framework\\src\\Illuminate\\Foundation\\Bootstrap\\BootProviders.php(17): Illuminate\\Foundation\\Application->boot()
#16 C:\\Users\\LKW\\Documents\\GitHub\\development_project_2\\EMTP\\vendor\\laravel\\framework\\src\\Illuminate\\Foundation\\Application.php(237): Illuminate\\Foundation\\Bootstrap\\BootProviders->bootstrap(Object(Illuminate\\Foundation\\Application))
#17 C:\\Users\\LKW\\Documents\\GitHub\\development_project_2\\EMTP\\vendor\\laravel\\framework\\src\\Illuminate\\Foundation\\Console\\Kernel.php(310): Illuminate\\Foundation\\Application->bootstrapWith(Array)
#18 C:\\Users\\LKW\\Documents\\GitHub\\development_project_2\\EMTP\\vendor\\laravel\\framework\\src\\Illuminate\\Foundation\\Console\\Kernel.php(127): Illuminate\\Foundation\\Console\\Kernel->bootstrap()
#19 C:\\Users\\LKW\\Documents\\GitHub\\development_project_2\\EMTP\\artisan(37): Illuminate\\Foundation\\Console\\Kernel->handle(Object(Symfony\\Component\\Console\\Input\\ArgvInput), Object(Symfony\\Component\\Console\\Output\\ConsoleOutput))
#20 {main}
"} 
[2022-06-27 06:06:53] local.ERROR: Database connection [emtp] not configured. {"exception":"[object] (InvalidArgumentException(code: 0): Database connection [emtp] not configured. at C:\\Users\\LKW\\Documents\\GitHub\\development_project_2\\EMTP\\vendor\\laravel\\framework\\src\\Illuminate\\Database\\DatabaseManager.php:161)
[stacktrace]
#0 C:\\Users\\LKW\\Documents\\GitHub\\development_project_2\\EMTP\\vendor\\laravel\\framework\\src\\Illuminate\\Database\\DatabaseManager.php(124): Illuminate\\Database\\DatabaseManager->configuration('emtp')
#1 C:\\Users\\LKW\\Documents\\GitHub\\development_project_2\\EMTP\\vendor\\laravel\\framework\\src\\Illuminate\\Database\\DatabaseManager.php(95): Illuminate\\Database\\DatabaseManager->makeConnection('emtp')
#2 C:\\Users\\LKW\\Documents\\GitHub\\development_project_2\\EMTP\\vendor\\laravel\\framework\\src\\Illuminate\\Support\\Facades\\Schema.php(49): Illuminate\\Database\\DatabaseManager->connection()
#3 C:\\Users\\LKW\\Documents\\GitHub\\development_project_2\\EMTP\\vendor\\laravel\\framework\\src\\Illuminate\\Support\\Facades\\Facade.php(166): Illuminate\\Support\\Facades\\Schema::getFacadeAccessor()
#4 C:\\Users\\LKW\\Documents\\GitHub\\development_project_2\\EMTP\\vendor\\laravel\\framework\\src\\Illuminate\\Support\\Facades\\Facade.php(255): Illuminate\\Support\\Facades\\Facade::getFacadeRoot()
#5 C:\\Users\\LKW\\Documents\\GitHub\\development_project_2\\EMTP\\app\\Providers\\AppServiceProvider.php(28): Illuminate\\Support\\Facades\\Facade::__callStatic('defaultstringLe...', Array)
#6 C:\\Users\\LKW\\Documents\\GitHub\\development_project_2\\EMTP\\vendor\\laravel\\framework\\src\\Illuminate\\Container\\BoundMethod.php(36): App\\Providers\\AppServiceProvider->boot()
#7 C:\\Users\\LKW\\Documents\\GitHub\\development_project_2\\EMTP\\vendor\\laravel\\framework\\src\\Illuminate\\Container\\Util.php(40): Illuminate\\Container\\BoundMethod::Illuminate\\Container\\{closure}()
#8 C:\\Users\\LKW\\Documents\\GitHub\\development_project_2\\EMTP\\vendor\\laravel\\framework\\src\\Illuminate\\Container\\BoundMethod.php(93): Illuminate\\Container\\Util::unwrapIfClosure(Object(Closure))
#9 C:\\Users\\LKW\\Documents\\GitHub\\development_project_2\\EMTP\\vendor\\laravel\\framework\\src\\Illuminate\\Container\\BoundMethod.php(37): Illuminate\\Container\\BoundMethod::callBoundMethod(Object(Illuminate\\Foundation\\Application), Array, Object(Closure))
#10 C:\\Users\\LKW\\Documents\\GitHub\\development_project_2\\EMTP\\vendor\\laravel\\framework\\src\\Illuminate\\Container\\Container.php(653): Illuminate\\Container\\BoundMethod::call(Object(Illuminate\\Foundation\\Application), Array, Array, NULL)
#11 C:\\Users\\LKW\\Documents\\GitHub\\development_project_2\\EMTP\\vendor\\laravel\\framework\\src\\Illuminate\\Foundation\\Application.php(924): Illuminate\\Container\\Container->call(Array)
#12 C:\\Users\\LKW\\Documents\\GitHub\\development_project_2\\EMTP\\vendor\\laravel\\framework\\src\\Illuminate\\Foundation\\Application.php(905): Illuminate\\Foundation\\Application->bootProvider(Object(App\\Providers\\AppServiceProvider))
#13 [internal function]: Illuminate\\Foundation\\Application->Illuminate\\Foundation\\{closure}(Object(App\\Providers\\AppServiceProvider), 29)
#14 C:\\Users\\LKW\\Documents\\GitHub\\development_project_2\\EMTP\\vendor\\laravel\\framework\\src\\Illuminate\\Foundation\\Application.php(906): array_walk(Array, Object(Closure))
#15 C:\\Users\\LKW\\Documents\\GitHub\\development_project_2\\EMTP\\vendor\\laravel\\framework\\src\\Illuminate\\Foundation\\Bootstrap\\BootProviders.php(17): Illuminate\\Foundation\\Application->boot()
#16 C:\\Users\\LKW\\Documents\\GitHub\\development_project_2\\EMTP\\vendor\\laravel\\framework\\src\\Illuminate\\Foundation\\Application.php(237): Illuminate\\Foundation\\Bootstrap\\BootProviders->bootstrap(Object(Illuminate\\Foundation\\Application))
#17 C:\\Users\\LKW\\Documents\\GitHub\\development_project_2\\EMTP\\vendor\\laravel\\framework\\src\\Illuminate\\Foundation\\Console\\Kernel.php(310): Illuminate\\Foundation\\Application->bootstrapWith(Array)
#18 C:\\Users\\LKW\\Documents\\GitHub\\development_project_2\\EMTP\\vendor\\laravel\\framework\\src\\Illuminate\\Foundation\\Console\\Kernel.php(127): Illuminate\\Foundation\\Console\\Kernel->bootstrap()
#19 C:\\Users\\LKW\\Documents\\GitHub\\development_project_2\\EMTP\\artisan(37): Illuminate\\Foundation\\Console\\Kernel->handle(Object(Symfony\\Component\\Console\\Input\\ArgvInput), Object(Symfony\\Component\\Console\\Output\\ConsoleOutput))
#20 {main}
"} 
[2022-06-27 06:06:56] local.ERROR: Database connection [emtp] not configured. {"exception":"[object] (InvalidArgumentException(code: 0): Database connection [emtp] not configured. at C:\\Users\\LKW\\Documents\\GitHub\\development_project_2\\EMTP\\vendor\\laravel\\framework\\src\\Illuminate\\Database\\DatabaseManager.php:161)
[stacktrace]
#0 C:\\Users\\LKW\\Documents\\GitHub\\development_project_2\\EMTP\\vendor\\laravel\\framework\\src\\Illuminate\\Database\\DatabaseManager.php(124): Illuminate\\Database\\DatabaseManager->configuration('emtp')
#1 C:\\Users\\LKW\\Documents\\GitHub\\development_project_2\\EMTP\\vendor\\laravel\\framework\\src\\Illuminate\\Database\\DatabaseManager.php(95): Illuminate\\Database\\DatabaseManager->makeConnection('emtp')
#2 C:\\Users\\LKW\\Documents\\GitHub\\development_project_2\\EMTP\\vendor\\laravel\\framework\\src\\Illuminate\\Support\\Facades\\Schema.php(49): Illuminate\\Database\\DatabaseManager->connection()
#3 C:\\Users\\LKW\\Documents\\GitHub\\development_project_2\\EMTP\\vendor\\laravel\\framework\\src\\Illuminate\\Support\\Facades\\Facade.php(166): Illuminate\\Support\\Facades\\Schema::getFacadeAccessor()
#4 C:\\Users\\LKW\\Documents\\GitHub\\development_project_2\\EMTP\\vendor\\laravel\\framework\\src\\Illuminate\\Support\\Facades\\Facade.php(255): Illuminate\\Support\\Facades\\Facade::getFacadeRoot()
#5 C:\\Users\\LKW\\Documents\\GitHub\\development_project_2\\EMTP\\app\\Providers\\AppServiceProvider.php(28): Illuminate\\Support\\Facades\\Facade::__callStatic('defaultstringLe...', Array)
#6 C:\\Users\\LKW\\Documents\\GitHub\\development_project_2\\EMTP\\vendor\\laravel\\framework\\src\\Illuminate\\Container\\BoundMethod.php(36): App\\Providers\\AppServiceProvider->boot()
#7 C:\\Users\\LKW\\Documents\\GitHub\\development_project_2\\EMTP\\vendor\\laravel\\framework\\src\\Illuminate\\Container\\Util.php(40): Illuminate\\Container\\BoundMethod::Illuminate\\Container\\{closure}()
#8 C:\\Users\\LKW\\Documents\\GitHub\\development_project_2\\EMTP\\vendor\\laravel\\framework\\src\\Illuminate\\Container\\BoundMethod.php(93): Illuminate\\Container\\Util::unwrapIfClosure(Object(Closure))
#9 C:\\Users\\LKW\\Documents\\GitHub\\development_project_2\\EMTP\\vendor\\laravel\\framework\\src\\Illuminate\\Container\\BoundMethod.php(37): Illuminate\\Container\\BoundMethod::callBoundMethod(Object(Illuminate\\Foundation\\Application), Array, Object(Closure))
#10 C:\\Users\\LKW\\Documents\\GitHub\\development_project_2\\EMTP\\vendor\\laravel\\framework\\src\\Illuminate\\Container\\Container.php(653): Illuminate\\Container\\BoundMethod::call(Object(Illuminate\\Foundation\\Application), Array, Array, NULL)
#11 C:\\Users\\LKW\\Documents\\GitHub\\development_project_2\\EMTP\\vendor\\laravel\\framework\\src\\Illuminate\\Foundation\\Application.php(924): Illuminate\\Container\\Container->call(Array)
#12 C:\\Users\\LKW\\Documents\\GitHub\\development_project_2\\EMTP\\vendor\\laravel\\framework\\src\\Illuminate\\Foundation\\Application.php(905): Illuminate\\Foundation\\Application->bootProvider(Object(App\\Providers\\AppServiceProvider))
#13 [internal function]: Illuminate\\Foundation\\Application->Illuminate\\Foundation\\{closure}(Object(App\\Providers\\AppServiceProvider), 29)
#14 C:\\Users\\LKW\\Documents\\GitHub\\development_project_2\\EMTP\\vendor\\laravel\\framework\\src\\Illuminate\\Foundation\\Application.php(906): array_walk(Array, Object(Closure))
#15 C:\\Users\\LKW\\Documents\\GitHub\\development_project_2\\EMTP\\vendor\\laravel\\framework\\src\\Illuminate\\Foundation\\Bootstrap\\BootProviders.php(17): Illuminate\\Foundation\\Application->boot()
#16 C:\\Users\\LKW\\Documents\\GitHub\\development_project_2\\EMTP\\vendor\\laravel\\framework\\src\\Illuminate\\Foundation\\Application.php(237): Illuminate\\Foundation\\Bootstrap\\BootProviders->bootstrap(Object(Illuminate\\Foundation\\Application))
#17 C:\\Users\\LKW\\Documents\\GitHub\\development_project_2\\EMTP\\vendor\\laravel\\framework\\src\\Illuminate\\Foundation\\Console\\Kernel.php(310): Illuminate\\Foundation\\Application->bootstrapWith(Array)
#18 C:\\Users\\LKW\\Documents\\GitHub\\development_project_2\\EMTP\\vendor\\laravel\\framework\\src\\Illuminate\\Foundation\\Console\\Kernel.php(127): Illuminate\\Foundation\\Console\\Kernel->bootstrap()
#19 C:\\Users\\LKW\\Documents\\GitHub\\development_project_2\\EMTP\\artisan(37): Illuminate\\Foundation\\Console\\Kernel->handle(Object(Symfony\\Component\\Console\\Input\\ArgvInput), Object(Symfony\\Component\\Console\\Output\\ConsoleOutput))
#20 {main}
"} 
[2022-06-27 06:06:58] local.ERROR: Database connection [emtp] not configured. {"exception":"[object] (InvalidArgumentException(code: 0): Database connection [emtp] not configured. at C:\\Users\\LKW\\Documents\\GitHub\\development_project_2\\EMTP\\vendor\\laravel\\framework\\src\\Illuminate\\Database\\DatabaseManager.php:161)
[stacktrace]
#0 C:\\Users\\LKW\\Documents\\GitHub\\development_project_2\\EMTP\\vendor\\laravel\\framework\\src\\Illuminate\\Database\\DatabaseManager.php(124): Illuminate\\Database\\DatabaseManager->configuration('emtp')
#1 C:\\Users\\LKW\\Documents\\GitHub\\development_project_2\\EMTP\\vendor\\laravel\\framework\\src\\Illuminate\\Database\\DatabaseManager.php(95): Illuminate\\Database\\DatabaseManager->makeConnection('emtp')
#2 C:\\Users\\LKW\\Documents\\GitHub\\development_project_2\\EMTP\\vendor\\laravel\\framework\\src\\Illuminate\\Support\\Facades\\Schema.php(49): Illuminate\\Database\\DatabaseManager->connection()
#3 C:\\Users\\LKW\\Documents\\GitHub\\development_project_2\\EMTP\\vendor\\laravel\\framework\\src\\Illuminate\\Support\\Facades\\Facade.php(166): Illuminate\\Support\\Facades\\Schema::getFacadeAccessor()
#4 C:\\Users\\LKW\\Documents\\GitHub\\development_project_2\\EMTP\\vendor\\laravel\\framework\\src\\Illuminate\\Support\\Facades\\Facade.php(255): Illuminate\\Support\\Facades\\Facade::getFacadeRoot()
#5 C:\\Users\\LKW\\Documents\\GitHub\\development_project_2\\EMTP\\app\\Providers\\AppServiceProvider.php(28): Illuminate\\Support\\Facades\\Facade::__callStatic('defaultstringLe...', Array)
#6 C:\\Users\\LKW\\Documents\\GitHub\\development_project_2\\EMTP\\vendor\\laravel\\framework\\src\\Illuminate\\Container\\BoundMethod.php(36): App\\Providers\\AppServiceProvider->boot()
#7 C:\\Users\\LKW\\Documents\\GitHub\\development_project_2\\EMTP\\vendor\\laravel\\framework\\src\\Illuminate\\Container\\Util.php(40): Illuminate\\Container\\BoundMethod::Illuminate\\Container\\{closure}()
#8 C:\\Users\\LKW\\Documents\\GitHub\\development_project_2\\EMTP\\vendor\\laravel\\framework\\src\\Illuminate\\Container\\BoundMethod.php(93): Illuminate\\Container\\Util::unwrapIfClosure(Object(Closure))
#9 C:\\Users\\LKW\\Documents\\GitHub\\development_project_2\\EMTP\\vendor\\laravel\\framework\\src\\Illuminate\\Container\\BoundMethod.php(37): Illuminate\\Container\\BoundMethod::callBoundMethod(Object(Illuminate\\Foundation\\Application), Array, Object(Closure))
#10 C:\\Users\\LKW\\Documents\\GitHub\\development_project_2\\EMTP\\vendor\\laravel\\framework\\src\\Illuminate\\Container\\Container.php(653): Illuminate\\Container\\BoundMethod::call(Object(Illuminate\\Foundation\\Application), Array, Array, NULL)
#11 C:\\Users\\LKW\\Documents\\GitHub\\development_project_2\\EMTP\\vendor\\laravel\\framework\\src\\Illuminate\\Foundation\\Application.php(924): Illuminate\\Container\\Container->call(Array)
#12 C:\\Users\\LKW\\Documents\\GitHub\\development_project_2\\EMTP\\vendor\\laravel\\framework\\src\\Illuminate\\Foundation\\Application.php(905): Illuminate\\Foundation\\Application->bootProvider(Object(App\\Providers\\AppServiceProvider))
#13 [internal function]: Illuminate\\Foundation\\Application->Illuminate\\Foundation\\{closure}(Object(App\\Providers\\AppServiceProvider), 29)
#14 C:\\Users\\LKW\\Documents\\GitHub\\development_project_2\\EMTP\\vendor\\laravel\\framework\\src\\Illuminate\\Foundation\\Application.php(906): array_walk(Array, Object(Closure))
#15 C:\\Users\\LKW\\Documents\\GitHub\\development_project_2\\EMTP\\vendor\\laravel\\framework\\src\\Illuminate\\Foundation\\Bootstrap\\BootProviders.php(17): Illuminate\\Foundation\\Application->boot()
#16 C:\\Users\\LKW\\Documents\\GitHub\\development_project_2\\EMTP\\vendor\\laravel\\framework\\src\\Illuminate\\Foundation\\Application.php(237): Illuminate\\Foundation\\Bootstrap\\BootProviders->bootstrap(Object(Illuminate\\Foundation\\Application))
#17 C:\\Users\\LKW\\Documents\\GitHub\\development_project_2\\EMTP\\vendor\\laravel\\framework\\src\\Illuminate\\Foundation\\Console\\Kernel.php(310): Illuminate\\Foundation\\Application->bootstrapWith(Array)
#18 C:\\Users\\LKW\\Documents\\GitHub\\development_project_2\\EMTP\\vendor\\laravel\\framework\\src\\Illuminate\\Foundation\\Console\\Kernel.php(127): Illuminate\\Foundation\\Console\\Kernel->bootstrap()
#19 C:\\Users\\LKW\\Documents\\GitHub\\development_project_2\\EMTP\\artisan(37): Illuminate\\Foundation\\Console\\Kernel->handle(Object(Symfony\\Component\\Console\\Input\\ArgvInput), Object(Symfony\\Component\\Console\\Output\\ConsoleOutput))
#20 {main}
"} 
[2022-06-27 06:09:25] local.ERROR: Database connection [emtp] not configured. {"exception":"[object] (InvalidArgumentException(code: 0): Database connection [emtp] not configured. at C:\\Users\\LKW\\Documents\\GitHub\\development_project_2\\EMTP\\vendor\\laravel\\framework\\src\\Illuminate\\Database\\DatabaseManager.php:161)
[stacktrace]
#0 C:\\Users\\LKW\\Documents\\GitHub\\development_project_2\\EMTP\\vendor\\laravel\\framework\\src\\Illuminate\\Database\\DatabaseManager.php(124): Illuminate\\Database\\DatabaseManager->configuration('emtp')
#1 C:\\Users\\LKW\\Documents\\GitHub\\development_project_2\\EMTP\\vendor\\laravel\\framework\\src\\Illuminate\\Database\\DatabaseManager.php(95): Illuminate\\Database\\DatabaseManager->makeConnection('emtp')
#2 C:\\Users\\LKW\\Documents\\GitHub\\development_project_2\\EMTP\\vendor\\laravel\\framework\\src\\Illuminate\\Support\\Facades\\Schema.php(49): Illuminate\\Database\\DatabaseManager->connection()
#3 C:\\Users\\LKW\\Documents\\GitHub\\development_project_2\\EMTP\\vendor\\laravel\\framework\\src\\Illuminate\\Support\\Facades\\Facade.php(166): Illuminate\\Support\\Facades\\Schema::getFacadeAccessor()
#4 C:\\Users\\LKW\\Documents\\GitHub\\development_project_2\\EMTP\\vendor\\laravel\\framework\\src\\Illuminate\\Support\\Facades\\Facade.php(255): Illuminate\\Support\\Facades\\Facade::getFacadeRoot()
#5 C:\\Users\\LKW\\Documents\\GitHub\\development_project_2\\EMTP\\app\\Providers\\AppServiceProvider.php(28): Illuminate\\Support\\Facades\\Facade::__callStatic('defaultstringLe...', Array)
#6 C:\\Users\\LKW\\Documents\\GitHub\\development_project_2\\EMTP\\vendor\\laravel\\framework\\src\\Illuminate\\Container\\BoundMethod.php(36): App\\Providers\\AppServiceProvider->boot()
#7 C:\\Users\\LKW\\Documents\\GitHub\\development_project_2\\EMTP\\vendor\\laravel\\framework\\src\\Illuminate\\Container\\Util.php(40): Illuminate\\Container\\BoundMethod::Illuminate\\Container\\{closure}()
#8 C:\\Users\\LKW\\Documents\\GitHub\\development_project_2\\EMTP\\vendor\\laravel\\framework\\src\\Illuminate\\Container\\BoundMethod.php(93): Illuminate\\Container\\Util::unwrapIfClosure(Object(Closure))
#9 C:\\Users\\LKW\\Documents\\GitHub\\development_project_2\\EMTP\\vendor\\laravel\\framework\\src\\Illuminate\\Container\\BoundMethod.php(37): Illuminate\\Container\\BoundMethod::callBoundMethod(Object(Illuminate\\Foundation\\Application), Array, Object(Closure))
#10 C:\\Users\\LKW\\Documents\\GitHub\\development_project_2\\EMTP\\vendor\\laravel\\framework\\src\\Illuminate\\Container\\Container.php(653): Illuminate\\Container\\BoundMethod::call(Object(Illuminate\\Foundation\\Application), Array, Array, NULL)
#11 C:\\Users\\LKW\\Documents\\GitHub\\development_project_2\\EMTP\\vendor\\laravel\\framework\\src\\Illuminate\\Foundation\\Application.php(924): Illuminate\\Container\\Container->call(Array)
#12 C:\\Users\\LKW\\Documents\\GitHub\\development_project_2\\EMTP\\vendor\\laravel\\framework\\src\\Illuminate\\Foundation\\Application.php(905): Illuminate\\Foundation\\Application->bootProvider(Object(App\\Providers\\AppServiceProvider))
#13 [internal function]: Illuminate\\Foundation\\Application->Illuminate\\Foundation\\{closure}(Object(App\\Providers\\AppServiceProvider), 29)
#14 C:\\Users\\LKW\\Documents\\GitHub\\development_project_2\\EMTP\\vendor\\laravel\\framework\\src\\Illuminate\\Foundation\\Application.php(906): array_walk(Array, Object(Closure))
#15 C:\\Users\\LKW\\Documents\\GitHub\\development_project_2\\EMTP\\vendor\\laravel\\framework\\src\\Illuminate\\Foundation\\Bootstrap\\BootProviders.php(17): Illuminate\\Foundation\\Application->boot()
#16 C:\\Users\\LKW\\Documents\\GitHub\\development_project_2\\EMTP\\vendor\\laravel\\framework\\src\\Illuminate\\Foundation\\Application.php(237): Illuminate\\Foundation\\Bootstrap\\BootProviders->bootstrap(Object(Illuminate\\Foundation\\Application))
#17 C:\\Users\\LKW\\Documents\\GitHub\\development_project_2\\EMTP\\vendor\\laravel\\framework\\src\\Illuminate\\Foundation\\Console\\Kernel.php(310): Illuminate\\Foundation\\Application->bootstrapWith(Array)
#18 C:\\Users\\LKW\\Documents\\GitHub\\development_project_2\\EMTP\\vendor\\laravel\\framework\\src\\Illuminate\\Foundation\\Console\\Kernel.php(127): Illuminate\\Foundation\\Console\\Kernel->bootstrap()
#19 C:\\Users\\LKW\\Documents\\GitHub\\development_project_2\\EMTP\\artisan(37): Illuminate\\Foundation\\Console\\Kernel->handle(Object(Symfony\\Component\\Console\\Input\\ArgvInput), Object(Symfony\\Component\\Console\\Output\\ConsoleOutput))
#20 {main}
"} 
